<?xml version="1.0" encoding="UTF-8"?>
<!-- Generated by org.testng.reporters.JUnitReportReporter -->
<testsuite hostname="user-PC" name="TestPackage.ProcessTest" tests="1" failures="0" timestamp="25 Apr 2017 18:11:45 GMT" time="0.088" errors="0">
  <testcase name="Test" time="0.088" classname="TestPackage.ProcessTest"/>
</testsuite> <!-- TestPackage.ProcessTest -->
