<?xml version="1.0" encoding="UTF-8"?>
<!-- Generated by org.testng.reporters.JUnitReportReporter -->
<testsuite hostname="user-PC" name="NewPackage.NewTest" tests="1" failures="0" timestamp="9 Feb 2016 17:50:54 GMT" time="79.034" errors="0">
  <testcase name="Test1" time="79.034" classname="NewPackage.NewTest"/>
</testsuite> <!-- NewPackage.NewTest -->
