<?xml version="1.0" encoding="UTF-8"?>
<!-- Generated by org.testng.reporters.JUnitReportReporter -->
<testsuite hostname="user-PC" name="NewPackage.GUITest" tests="1" failures="0" timestamp="3 Jan 2017 17:54:04 GMT" time="0.163" errors="0">
  <testcase name="GUITest" time="0.163" classname="NewPackage.GUITest"/>
</testsuite> <!-- NewPackage.GUITest -->
